<?xml version="1.0" encoding="UTF-8"?>
<!-- Generated by org.testng.reporters.JUnitReportReporter -->
<testsuite hostname="BINTERNS-QA9L" failures="0" tests="2" name="annotation_demo.test1" time="0.017" errors="0" timestamp="2023-03-06T10:36:53 IST" skipped="0">
  <testcase classname="annotation_demo.test1" name="Search" time="0.015"/>
  <system-out/>
  <testcase classname="annotation_demo.test1" name="close" time="0.002"/>
  <system-out/>
</testsuite> <!-- annotation_demo.test1 -->
