<?xml version="1.0" encoding="UTF-8"?>
<!-- Generated by org.testng.reporters.JUnitReportReporter -->
<testsuite hostname="BINTERNS-QA9L" failures="0" tests="10" name="annotation_demo.innvocation_demo" time="0.014" errors="0" timestamp="2023-03-07T10:21:24 IST" skipped="0">
  <testcase classname="annotation_demo.innvocation_demo" name="test" time="0.001"/>
  <system-out/>
  <testcase classname="annotation_demo.innvocation_demo" name="test" time="0.000"/>
  <system-out/>
  <testcase classname="annotation_demo.innvocation_demo" name="test" time="0.000"/>
  <system-out/>
  <testcase classname="annotation_demo.innvocation_demo" name="test" time="0.001"/>
  <system-out/>
  <testcase classname="annotation_demo.innvocation_demo" name="test" time="0.001"/>
  <system-out/>
  <testcase classname="annotation_demo.innvocation_demo" name="test" time="0.008"/>
  <system-out/>
  <testcase classname="annotation_demo.innvocation_demo" name="test" time="0.001"/>
  <system-out/>
  <testcase classname="annotation_demo.innvocation_demo" name="test" time="0.000"/>
  <system-out/>
  <testcase classname="annotation_demo.innvocation_demo" name="test" time="0.001"/>
  <system-out/>
  <testcase classname="annotation_demo.innvocation_demo" name="test" time="0.001"/>
  <system-out/>
</testsuite> <!-- annotation_demo.innvocation_demo -->
