<?xml version="1.0" encoding="UTF-8"?>
<!-- Generated by org.testng.reporters.JUnitReportReporter -->
<testsuite hostname="BINTERNS-QA9L" failures="0" tests="1" name="annotation_demo.allannotation" time="0.005" errors="0" timestamp="2023-03-06T14:33:53 IST" skipped="0">
  <testcase classname="annotation_demo.allannotation" name="a" time="0.005"/>
  <system-out/>
</testsuite> <!-- annotation_demo.allannotation -->
