<?xml version="1.0" encoding="UTF-8"?>
<!-- Generated by org.testng.reporters.JUnitReportReporter -->
<testsuite hostname="BINTERNS-QA9L" failures="0" tests="1" name="annotation_demo_pack.test11" time="0.002" errors="0" timestamp="2023-03-06T10:59:48 IST" skipped="0">
  <testcase classname="annotation_demo_pack.test11" name="abc" time="0.002"/>
  <system-out/>
</testsuite> <!-- annotation_demo_pack.test11 -->
