<?xml version="1.0" encoding="UTF-8"?>
<!-- Generated by org.testng.reporters.JUnitReportReporter -->
<testsuite hostname="BINTERNS-QA9L" failures="0" tests="2" name="annotation_demo.grouping_demo" time="0.011" errors="0" timestamp="2023-03-06T15:33:18 IST" skipped="0">
  <testcase classname="annotation_demo.grouping_demo" name="signupbyfacebook" time="0.010"/>
  <system-out/>
  <testcase classname="annotation_demo.grouping_demo" name="signupbyTwiter" time="0.001"/>
  <system-out/>
</testsuite> <!-- annotation_demo.grouping_demo -->
