<?xml version="1.0" encoding="UTF-8"?>
<!-- Generated by org.testng.reporters.JUnitReportReporter -->
<testsuite hostname="BINTERNS-QA9L" failures="0" tests="2" name="dataprovider.demo" time="0.008" errors="0" timestamp="2023-03-09T10:58:45 IST" skipped="0">
  <testcase classname="dataprovider.demo" name="m1" time="0.007"/>
  <system-out/>
  <testcase classname="dataprovider.demo" name="m2" time="0.001"/>
  <system-out/>
</testsuite> <!-- dataprovider.demo -->
