<?xml version="1.0" encoding="UTF-8"?>
<!-- Generated by org.testng.reporters.JUnitReportReporter -->
<testsuite hostname="BINTERNS-QA9L" failures="0" tests="2" name="annotation_demo.test2" time="0.006" errors="0" timestamp="2023-03-06T10:43:37 IST" skipped="0">
  <testcase classname="annotation_demo.test2" name="Search" time="0.005"/>
  <system-out/>
  <testcase classname="annotation_demo.test2" name="AdvanceSearch" time="0.001"/>
  <system-out/>
</testsuite> <!-- annotation_demo.test2 -->
