<?xml version="1.0" encoding="UTF-8"?>
<!-- Generated by org.testng.reporters.JUnitReportReporter -->
<testsuite hostname="BINTERNS-QA9L" failures="0" tests="2" name="annotation_demo.depend_method" time="0.012" errors="0" timestamp="2023-03-06T19:03:58 IST" skipped="0">
  <testcase classname="annotation_demo.depend_method" name="dependentTest" time="0.005"/>
  <system-out/>
  <testcase classname="annotation_demo.depend_method" name="parentTest" time="0.007"/>
  <system-out/>
</testsuite> <!-- annotation_demo.depend_method -->
