<?xml version="1.0" encoding="UTF-8"?>
<!-- Generated by org.testng.reporters.JUnitReportReporter -->
<testsuite hostname="BINTERNS-QA9L" failures="0" tests="3" name="testng_demo.test_1" time="7.985" errors="0" timestamp="2023-03-03T12:38:52 IST" skipped="0">
  <testcase classname="testng_demo.test_1" name="openapp" time="7.504"/>
  <system-out/>
  <testcase classname="testng_demo.test_1" name="login" time="0.350"/>
  <system-out/>
  <testcase classname="testng_demo.test_1" name="closeapp" time="0.131"/>
  <system-out/>
</testsuite> <!-- testng_demo.test_1 -->
