<?xml version="1.0" encoding="UTF-8"?>
<!-- Generated by org.testng.reporters.JUnitReportReporter -->
<testsuite hostname="BINTERNS-QA9L" failures="0" tests="2" name="annotation_demo.disable_demo" time="0.011" errors="0" timestamp="2023-03-06T18:02:28 IST" skipped="1">
  <testcase classname="annotation_demo.disable_demo" name="test2" time="0.011"/>
  <system-out/>
  <testcase classname="annotation_demo.disable_demo" name="test1">
    <skipped/>
  </testcase> <!-- test1 -->
  <system-out/>
</testsuite> <!-- annotation_demo.disable_demo -->
